# JRE version: OpenJDK Runtime Environment (8.0_181-b13) (build 1.8.0_181-8u181-b13-0ubuntu0.16.04.1-b13)
# Java VM: OpenJDK Server VM (25.181-b13 mixed mode linux-x86 )
Heap:
 def new generation   total 78784K, used 2314K [0x65c00000, 0x6b170000, 0x7b150000)
  eden space 70080K,   3% used [0x65c00000, 0x65e42ab0, 0x6a070000)
  from space 8704K,   0% used [0x6a8f0000, 0x6a8f0000, 0x6b170000)
  to   space 8704K,   0% used [0x6a070000, 0x6a070000, 0x6a8f0000)
 tenured generation   total 174784K, used 65309K [0x7b150000, 0x85c00000, 0xa5c00000)
   the space 174784K,  37% used [0x7b150000, 0x7f117498, 0x7f117600, 0x85c00000)
 Metaspace       used 69738K, capacity 73251K, committed 73472K, reserved 74032K
GC Heap History (10 events):
Event: 6566,417 GC heap before
{Heap before GC invocations=180 (full 104):
 def new generation   total 78784K, used 71220K [0x65c00000, 0x6b170000, 0x7b150000)
  eden space 70080K,  99% used [0x65c00000, 0x6a052830, 0x6a070000)
  from space 8704K,  14% used [0x6a8f0000, 0x6aa2abc0, 0x6b170000)
  to   space 8704K,   0% used [0x6a070000, 0x6a070000, 0x6a8f0000)
 tenured generation   total 174784K, used 59333K [0x7b150000, 0x85c00000, 0xa5c00000)
   the space 174784K,  33% used [0x7b150000, 0x7eb415e8, 0x7eb41600, 0x85c00000)
 Metaspace       used 69697K, capacity 73219K, committed 73344K, reserved 74032K
Event: 6566,607 GC heap after
Heap after GC invocations=181 (full 105):
 def new generation   total 78784K, used 0K [0x65c00000, 0x6b170000, 0x7b150000)
  eden space 70080K,   0% used [0x65c00000, 0x65c00000, 0x6a070000)
  from space 8704K,   0% used [0x6a8f0000, 0x6a8f0000, 0x6b170000)
  to   space 8704K,   0% used [0x6a070000, 0x6a070000, 0x6a8f0000)
 tenured generation   total 174784K, used 60959K [0x7b150000, 0x85c00000, 0xa5c00000)
   the space 174784K,  34% used [0x7b150000, 0x7ecd7da0, 0x7ecd7e00, 0x85c00000)
 Metaspace       used 69697K, capacity 73219K, committed 73344K, reserved 74032K
}
Event: 6626,418 GC heap before
{Heap before GC invocations=181 (full 105):
 def new generation   total 78784K, used 29619K [0x65c00000, 0x6b170000, 0x7b150000)
  eden space 70080K,  42% used [0x65c00000, 0x678eccf0, 0x6a070000)
  from space 8704K,   0% used [0x6a8f0000, 0x6a8f0000, 0x6b170000)
  to   space 8704K,   0% used [0x6a070000, 0x6a070000, 0x6a8f0000)
 tenured generation   total 174784K, used 60959K [0x7b150000, 0x85c00000, 0xa5c00000)
   the space 174784K,  34% used [0x7b150000, 0x7ecd7da0, 0x7ecd7e00, 0x85c00000)
 Metaspace       used 69700K, capacity 73219K, committed 73344K, reserved 74032K
Event: 6626,700 GC heap after
Heap after GC invocations=182 (full 106):
 def new generation   total 78784K, used 0K [0x65c00000, 0x6b170000, 0x7b150000)
  eden space 70080K,   0% used [0x65c00000, 0x65c00000, 0x6a070000)
  from space 8704K,   0% used [0x6a8f0000, 0x6a8f0000, 0x6b170000)
  to   space 8704K,   0% used [0x6a070000, 0x6a070000, 0x6a8f0000)
 tenured generation   total 174784K, used 62863K [0x7b150000, 0x85c00000, 0xa5c00000)
   the space 174784K,  35% used [0x7b150000, 0x7eeb3f08, 0x7eeb4000, 0x85c00000)
 Metaspace       used 69700K, capacity 73219K, committed 73344K, reserved 74032K
}
Event: 6660,915 GC heap before
{Heap before GC invocations=182 (full 106):
 def new generation   total 78784K, used 70080K [0x65c00000, 0x6b170000, 0x7b150000)
  eden space 70080K, 100% used [0x65c00000, 0x6a070000, 0x6a070000)
  from space 8704K,   0% used [0x6a8f0000, 0x6a8f0000, 0x6b170000)
  to   space 8704K,   0% used [0x6a070000, 0x6a070000, 0x6a8f0000)
 tenured generation   total 174784K, used 62863K [0x7b150000, 0x85c00000, 0xa5c00000)
   the space 174784K,  35% used [0x7b150000, 0x7eeb3f08, 0x7eeb4000, 0x85c00000)
 Metaspace       used 69715K, capacity 73251K, committed 73472K, reserved 74032K
Event: 6660,923 GC heap after
Heap after GC invocations=183 (full 106):
 def new generation   total 78784K, used 1375K [0x65c00000, 0x6b170000, 0x7b150000)
  eden space 70080K,   0% used [0x65c00000, 0x65c00000, 0x6a070000)
  from space 8704K,  15% used [0x6a070000, 0x6a1c7ef0, 0x6a8f0000)
  to   space 8704K,   0% used [0x6a8f0000, 0x6a8f0000, 0x6b170000)
 tenured generation   total 174784K, used 62863K [0x7b150000, 0x85c00000, 0xa5c00000)
   the space 174784K,  35% used [0x7b150000, 0x7eeb3f08, 0x7eeb4000, 0x85c00000)
 Metaspace       used 69715K, capacity 73251K, committed 73472K, reserved 74032K
}
Event: 6663,889 GC heap before
{Heap before GC invocations=183 (full 106):
 def new generation   total 78784K, used 71455K [0x65c00000, 0x6b170000, 0x7b150000)
  eden space 70080K, 100% used [0x65c00000, 0x6a070000, 0x6a070000)
  from space 8704K,  15% used [0x6a070000, 0x6a1c7ef0, 0x6a8f0000)
  to   space 8704K,   0% used [0x6a8f0000, 0x6a8f0000, 0x6b170000)
 tenured generation   total 174784K, used 62863K [0x7b150000, 0x85c00000, 0xa5c00000)
   the space 174784K,  35% used [0x7b150000, 0x7eeb3f08, 0x7eeb4000, 0x85c00000)
 Metaspace       used 69726K, capacity 73251K, committed 73472K, reserved 74032K
Event: 6663,904 GC heap after
Heap after GC invocations=184 (full 106):
 def new generation   total 78784K, used 2987K [0x65c00000, 0x6b170000, 0x7b150000)
  eden space 70080K,   0% used [0x65c00000, 0x65c00000, 0x6a070000)
  from space 8704K,  34% used [0x6a8f0000, 0x6abdae08, 0x6b170000)
  to   space 8704K,   0% used [0x6a070000, 0x6a070000, 0x6a8f0000)
 tenured generation   total 174784K, used 62863K [0x7b150000, 0x85c00000, 0xa5c00000)
   the space 174784K,  35% used [0x7b150000, 0x7eeb3f08, 0x7eeb4000, 0x85c00000)
 Metaspace       used 69726K, capacity 73251K, committed 73472K, reserved 74032K
}
Event: 6686,422 GC heap before
{Heap before GC invocations=184 (full 106):
 def new generation   total 78784K, used 53501K [0x65c00000, 0x6b170000, 0x7b150000)
  eden space 70080K,  72% used [0x65c00000, 0x68d54778, 0x6a070000)
  from space 8704K,  34% used [0x6a8f0000, 0x6abdae08, 0x6b170000)
  to   space 8704K,   0% used [0x6a070000, 0x6a070000, 0x6a8f0000)
 tenured generation   total 174784K, used 62863K [0x7b150000, 0x85c00000, 0xa5c00000)
   the space 174784K,  35% used [0x7b150000, 0x7eeb3f08, 0x7eeb4000, 0x85c00000)
 Metaspace       used 69732K, capacity 73251K, committed 73472K, reserved 74032K
Event: 6686,647 GC heap after
Heap after GC invocations=185 (full 107):
 def new generation   total 78784K, used 0K [0x65c00000, 0x6b170000, 0x7b150000)
  eden space 70080K,   0% used [0x65c00000, 0x65c00000, 0x6a070000)
  from space 8704K,   0% used [0x6a8f0000, 0x6a8f0000, 0x6b170000)
  to   space 8704K,   0% used [0x6a070000, 0x6a070000, 0x6a8f0000)
 tenured generation   total 174784K, used 65309K [0x7b150000, 0x85c00000, 0xa5c00000)
   the space 174784K,  37% used [0x7b150000, 0x7f117498, 0x7f117600, 0x85c00000)
 Metaspace       used 69732K, capacity 73251K, committed 73472K, reserved 74032K
}

