# JRE version: OpenJDK Runtime Environment (8.0_181-b13) (build 1.8.0_181-8u181-b13-0ubuntu0.16.04.1-b13)
# Java VM: OpenJDK Server VM (25.181-b13 mixed mode linux-x86 )
Heap:
 PSYoungGen      total 233216K, used 16541K [0x904c0000, 0xa02c0000, 0xa5a00000)
  eden space 231936K, 7% used [0x904c0000,0x914e7408,0x9e740000)
  from space 1280K, 0% used [0x9e740000,0x9e740000,0x9e880000)
  to   space 14080K, 0% used [0x9f500000,0x9f500000,0xa02c0000)
 ParOldGen       total 252160K, used 54083K [0x65a00000, 0x75040000, 0x904c0000)
  object space 252160K, 21% used [0x65a00000,0x68ed0e50,0x75040000)
 Metaspace       used 70980K, capacity 74673K, committed 74752K, reserved 75056K
GC Heap History (10 events):
Event: 2403,688 GC heap before
{Heap before GC invocations=63 (full 28):
 PSYoungGen      total 232192K, used 48K [0x904c0000, 0xa0640000, 0xa5a00000)
  eden space 231936K, 0% used [0x904c0000,0x904c0000,0x9e740000)
  from space 256K, 18% used [0x9e740000,0x9e74c000,0x9e780000)
  to   space 15872K, 0% used [0x9f6c0000,0x9f6c0000,0xa0640000)
 ParOldGen       total 252160K, used 54084K [0x65a00000, 0x75040000, 0x904c0000)
  object space 252160K, 21% used [0x65a00000,0x68ed13a0,0x75040000)
 Metaspace       used 70906K, capacity 74577K, committed 74624K, reserved 75056K
Event: 2404,752 GC heap after
Heap after GC invocations=63 (full 28):
 PSYoungGen      total 232192K, used 0K [0x904c0000, 0xa0640000, 0xa5a00000)
  eden space 231936K, 0% used [0x904c0000,0x904c0000,0x9e740000)
  from space 256K, 0% used [0x9e740000,0x9e740000,0x9e780000)
  to   space 15872K, 0% used [0x9f6c0000,0x9f6c0000,0xa0640000)
 ParOldGen       total 252160K, used 54087K [0x65a00000, 0x75040000, 0x904c0000)
  object space 252160K, 21% used [0x65a00000,0x68ed1c18,0x75040000)
 Metaspace       used 70906K, capacity 74577K, committed 74624K, reserved 75056K
}
Event: 2474,970 GC heap before
{Heap before GC invocations=64 (full 28):
 PSYoungGen      total 232192K, used 8161K [0x904c0000, 0xa0640000, 0xa5a00000)
  eden space 231936K, 3% used [0x904c0000,0x90cb87f8,0x9e740000)
  from space 256K, 0% used [0x9e740000,0x9e740000,0x9e780000)
  to   space 15872K, 0% used [0x9f6c0000,0x9f6c0000,0xa0640000)
 ParOldGen       total 252160K, used 54087K [0x65a00000, 0x75040000, 0x904c0000)
  object space 252160K, 21% used [0x65a00000,0x68ed1c18,0x75040000)
 Metaspace       used 70912K, capacity 74609K, committed 74752K, reserved 75056K
Event: 2475,106 GC heap after
Heap after GC invocations=64 (full 28):
 PSYoungGen      total 246272K, used 368K [0x904c0000, 0xa04c0000, 0xa5a00000)
  eden space 231936K, 0% used [0x904c0000,0x904c0000,0x9e740000)
  from space 14336K, 2% used [0x9f6c0000,0x9f71c000,0xa04c0000)
  to   space 15104K, 0% used [0x9e740000,0x9e740000,0x9f600000)
 ParOldGen       total 252160K, used 54087K [0x65a00000, 0x75040000, 0x904c0000)
  object space 252160K, 21% used [0x65a00000,0x68ed1c18,0x75040000)
 Metaspace       used 70912K, capacity 74609K, committed 74752K, reserved 75056K
}
Event: 2475,115 GC heap before
{Heap before GC invocations=65 (full 29):
 PSYoungGen      total 246272K, used 368K [0x904c0000, 0xa04c0000, 0xa5a00000)
  eden space 231936K, 0% used [0x904c0000,0x904c0000,0x9e740000)
  from space 14336K, 2% used [0x9f6c0000,0x9f71c000,0xa04c0000)
  to   space 15104K, 0% used [0x9e740000,0x9e740000,0x9f600000)
 ParOldGen       total 252160K, used 54087K [0x65a00000, 0x75040000, 0x904c0000)
  object space 252160K, 21% used [0x65a00000,0x68ed1c18,0x75040000)
 Metaspace       used 70912K, capacity 74609K, committed 74752K, reserved 75056K
Event: 2476,120 GC heap after
Heap after GC invocations=65 (full 29):
 PSYoungGen      total 246272K, used 0K [0x904c0000, 0xa04c0000, 0xa5a00000)
  eden space 231936K, 0% used [0x904c0000,0x904c0000,0x9e740000)
  from space 14336K, 0% used [0x9f6c0000,0x9f6c0000,0xa04c0000)
  to   space 15104K, 0% used [0x9e740000,0x9e740000,0x9f600000)
 ParOldGen       total 252160K, used 54224K [0x65a00000, 0x75040000, 0x904c0000)
  object space 252160K, 21% used [0x65a00000,0x68ef4138,0x75040000)
 Metaspace       used 70912K, capacity 74609K, committed 74752K, reserved 75056K
}
Event: 2564,781 GC heap before
{Heap before GC invocations=66 (full 29):
 PSYoungGen      total 246272K, used 67978K [0x904c0000, 0xa04c0000, 0xa5a00000)
  eden space 231936K, 29% used [0x904c0000,0x94722b50,0x9e740000)
  from space 14336K, 0% used [0x9f6c0000,0x9f6c0000,0xa04c0000)
  to   space 15104K, 0% used [0x9e740000,0x9e740000,0x9f600000)
 ParOldGen       total 252160K, used 54224K [0x65a00000, 0x75040000, 0x904c0000)
  object space 252160K, 21% used [0x65a00000,0x68ef4138,0x75040000)
 Metaspace       used 70967K, capacity 74673K, committed 74752K, reserved 75056K
Event: 2564,822 GC heap after
Heap after GC invocations=66 (full 29):
 PSYoungGen      total 233216K, used 1184K [0x904c0000, 0xa02c0000, 0xa5a00000)
  eden space 231936K, 0% used [0x904c0000,0x904c0000,0x9e740000)
  from space 1280K, 92% used [0x9e740000,0x9e868020,0x9e880000)
  to   space 14080K, 0% used [0x9f500000,0x9f500000,0xa02c0000)
 ParOldGen       total 252160K, used 54224K [0x65a00000, 0x75040000, 0x904c0000)
  object space 252160K, 21% used [0x65a00000,0x68ef4138,0x75040000)
 Metaspace       used 70967K, capacity 74673K, committed 74752K, reserved 75056K
}
Event: 2564,823 GC heap before
{Heap before GC invocations=67 (full 30):
 PSYoungGen      total 233216K, used 1184K [0x904c0000, 0xa02c0000, 0xa5a00000)
  eden space 231936K, 0% used [0x904c0000,0x904c0000,0x9e740000)
  from space 1280K, 92% used [0x9e740000,0x9e868020,0x9e880000)
  to   space 14080K, 0% used [0x9f500000,0x9f500000,0xa02c0000)
 ParOldGen       total 252160K, used 54224K [0x65a00000, 0x75040000, 0x904c0000)
  object space 252160K, 21% used [0x65a00000,0x68ef4138,0x75040000)
 Metaspace       used 70967K, capacity 74673K, committed 74752K, reserved 75056K
Event: 2565,640 GC heap after
Heap after GC invocations=67 (full 30):
 PSYoungGen      total 233216K, used 0K [0x904c0000, 0xa02c0000, 0xa5a00000)
  eden space 231936K, 0% used [0x904c0000,0x904c0000,0x9e740000)
  from space 1280K, 0% used [0x9e740000,0x9e740000,0x9e880000)
  to   space 14080K, 0% used [0x9f500000,0x9f500000,0xa02c0000)
 ParOldGen       total 252160K, used 54083K [0x65a00000, 0x75040000, 0x904c0000)
  object space 252160K, 21% used [0x65a00000,0x68ed0e50,0x75040000)
 Metaspace       used 70967K, capacity 74673K, committed 74752K, reserved 75056K
}

