# JRE version: OpenJDK Runtime Environment (8.0_181-b13) (build 1.8.0_181-8u181-b13-0ubuntu0.16.04.1-b13)
# Java VM: OpenJDK Server VM (25.181-b13 mixed mode linux-x86 )
Heap:
 PSYoungGen      total 224768K, used 23539K [0x904c0000, 0x9fc80000, 0xa5a00000)
  eden space 201216K, 0% used [0x904c0000,0x904c0000,0x9c940000)
  from space 23552K, 99% used [0x9ce80000,0x9e57cc38,0x9e580000)
  to   space 20480K, 0% used [0x9e880000,0x9e880000,0x9fc80000)
 ParOldGen       total 250880K, used 44507K [0x65a00000, 0x74f00000, 0x904c0000)
  object space 250880K, 17% used [0x65a00000,0x68576f58,0x74f00000)
 Metaspace       used 57106K, capacity 60258K, committed 60288K, reserved 60720K
GC Heap History (10 events):
Event: 17,401 GC heap after
Heap after GC invocations=7 (full 2):
 PSYoungGen      total 98304K, used 10736K [0x904c0000, 0x9a640000, 0xa5a00000)
  eden space 87552K, 0% used [0x904c0000,0x904c0000,0x95a40000)
  from space 10752K, 99% used [0x95a40000,0x964bc0c8,0x964c0000)
  to   space 23296K, 0% used [0x98f80000,0x98f80000,0x9a640000)
 ParOldGen       total 208640K, used 44130K [0x65a00000, 0x725c0000, 0x904c0000)
  object space 208640K, 21% used [0x65a00000,0x68518b30,0x725c0000)
 Metaspace       used 38344K, capacity 40805K, committed 40832K, reserved 41264K
}
Event: 18,924 GC heap before
{Heap before GC invocations=8 (full 2):
 PSYoungGen      total 98304K, used 70328K [0x904c0000, 0x9a640000, 0xa5a00000)
  eden space 87552K, 68% used [0x904c0000,0x93ef2018,0x95a40000)
  from space 10752K, 99% used [0x95a40000,0x964bc0c8,0x964c0000)
  to   space 23296K, 0% used [0x98f80000,0x98f80000,0x9a640000)
 ParOldGen       total 208640K, used 44130K [0x65a00000, 0x725c0000, 0x904c0000)
  object space 208640K, 21% used [0x65a00000,0x68518b30,0x725c0000)
 Metaspace       used 42915K, capacity 45573K, committed 45644K, reserved 46384K
Event: 18,958 GC heap after
Heap after GC invocations=8 (full 2):
 PSYoungGen      total 142592K, used 18977K [0x904c0000, 0x9a780000, 0xa5a00000)
  eden space 119296K, 0% used [0x904c0000,0x904c0000,0x97940000)
  from space 23296K, 81% used [0x98f80000,0x9a208590,0x9a640000)
  to   space 22784K, 0% used [0x97940000,0x97940000,0x98f80000)
 ParOldGen       total 208640K, used 44134K [0x65a00000, 0x725c0000, 0x904c0000)
  object space 208640K, 21% used [0x65a00000,0x68519b30,0x725c0000)
 Metaspace       used 42915K, capacity 45573K, committed 45644K, reserved 46384K
}
Event: 19,015 GC heap before
{Heap before GC invocations=9 (full 2):
 PSYoungGen      total 142592K, used 22369K [0x904c0000, 0x9a780000, 0xa5a00000)
  eden space 119296K, 2% used [0x904c0000,0x9080fe98,0x97940000)
  from space 23296K, 81% used [0x98f80000,0x9a208590,0x9a640000)
  to   space 22784K, 0% used [0x97940000,0x97940000,0x98f80000)
 ParOldGen       total 208640K, used 44134K [0x65a00000, 0x725c0000, 0x904c0000)
  object space 208640K, 21% used [0x65a00000,0x68519b30,0x725c0000)
 Metaspace       used 43074K, capacity 45771K, committed 45772K, reserved 46384K
Event: 19,038 GC heap after
Heap after GC invocations=9 (full 2):
 PSYoungGen      total 142080K, used 13949K [0x904c0000, 0x9ff40000, 0xa5a00000)
  eden space 119296K, 0% used [0x904c0000,0x904c0000,0x97940000)
  from space 22784K, 61% used [0x97940000,0x986df4a8,0x98f80000)
  to   space 23296K, 0% used [0x9e880000,0x9e880000,0x9ff40000)
 ParOldGen       total 208640K, used 44202K [0x65a00000, 0x725c0000, 0x904c0000)
  object space 208640K, 21% used [0x65a00000,0x6852ab40,0x725c0000)
 Metaspace       used 43074K, capacity 45771K, committed 45772K, reserved 46384K
}
Event: 19,038 GC heap before
{Heap before GC invocations=10 (full 3):
 PSYoungGen      total 142080K, used 13949K [0x904c0000, 0x9ff40000, 0xa5a00000)
  eden space 119296K, 0% used [0x904c0000,0x904c0000,0x97940000)
  from space 22784K, 61% used [0x97940000,0x986df4a8,0x98f80000)
  to   space 23296K, 0% used [0x9e880000,0x9e880000,0x9ff40000)
 ParOldGen       total 208640K, used 44202K [0x65a00000, 0x725c0000, 0x904c0000)
  object space 208640K, 21% used [0x65a00000,0x6852ab40,0x725c0000)
 Metaspace       used 43074K, capacity 45771K, committed 45772K, reserved 46384K
Event: 19,271 GC heap after
Heap after GC invocations=10 (full 3):
 PSYoungGen      total 142080K, used 0K [0x904c0000, 0x9ff40000, 0xa5a00000)
  eden space 119296K, 0% used [0x904c0000,0x904c0000,0x97940000)
  from space 22784K, 0% used [0x97940000,0x97940000,0x98f80000)
  to   space 23296K, 0% used [0x9e880000,0x9e880000,0x9ff40000)
 ParOldGen       total 250880K, used 39544K [0x65a00000, 0x74f00000, 0x904c0000)
  object space 250880K, 15% used [0x65a00000,0x6809e0e0,0x74f00000)
 Metaspace       used 43073K, capacity 45769K, committed 45772K, reserved 46384K
}
Event: 22,075 GC heap before
{Heap before GC invocations=11 (full 3):
 PSYoungGen      total 142080K, used 119279K [0x904c0000, 0x9ff40000, 0xa5a00000)
  eden space 119296K, 99% used [0x904c0000,0x9793bc78,0x97940000)
  from space 22784K, 0% used [0x97940000,0x97940000,0x98f80000)
  to   space 23296K, 0% used [0x9e880000,0x9e880000,0x9ff40000)
 ParOldGen       total 250880K, used 39544K [0x65a00000, 0x74f00000, 0x904c0000)
  object space 250880K, 15% used [0x65a00000,0x6809e0e0,0x74f00000)
 Metaspace       used 52066K, capacity 55247K, committed 55296K, reserved 55600K
Event: 22,105 GC heap after
Heap after GC invocations=11 (full 3):
 PSYoungGen      total 221696K, used 20275K [0x904c0000, 0x9fc80000, 0xa5a00000)
  eden space 201216K, 0% used [0x904c0000,0x904c0000,0x9c940000)
  from space 20480K, 99% used [0x9e880000,0x9fc4ccf0,0x9fc80000)
  to   space 23552K, 0% used [0x9ce80000,0x9ce80000,0x9e580000)
 ParOldGen       total 250880K, used 39548K [0x65a00000, 0x74f00000, 0x904c0000)
  object space 250880K, 15% used [0x65a00000,0x6809f0e0,0x74f00000)
 Metaspace       used 52066K, capacity 55247K, committed 55296K, reserved 55600K
}
Event: 47,778 GC heap before
{Heap before GC invocations=12 (full 3):
 PSYoungGen      total 221696K, used 221491K [0x904c0000, 0x9fc80000, 0xa5a00000)
  eden space 201216K, 100% used [0x904c0000,0x9c940000,0x9c940000)
  from space 20480K, 99% used [0x9e880000,0x9fc4ccf0,0x9fc80000)
  to   space 23552K, 0% used [0x9ce80000,0x9ce80000,0x9e580000)
 ParOldGen       total 250880K, used 39548K [0x65a00000, 0x74f00000, 0x904c0000)
  object space 250880K, 15% used [0x65a00000,0x6809f0e0,0x74f00000)
 Metaspace       used 57106K, capacity 60258K, committed 60288K, reserved 60720K

